# Logfile created on 2011-02-03 17:38:05 -0800 by logger.rb/25413
REQUESTING PAGE: GET / with {} and HTTP headers {}
REQUESTING PAGE: GET /about with {} and HTTP headers {"HTTP_REFERER"=>"/"}
REQUESTING PAGE: GET / with {} and HTTP headers {}
REQUESTING PAGE: GET /about with {} and HTTP headers {"HTTP_REFERER"=>"/"}
REQUESTING PAGE: GET /help with {} and HTTP headers {"HTTP_REFERER"=>"/about"}
REQUESTING PAGE: GET /terms with {} and HTTP headers {"HTTP_REFERER"=>"/help"}
REQUESTING PAGE: GET /privacy with {} and HTTP headers {"HTTP_REFERER"=>"/terms"}
REQUESTING PAGE: GET / with {} and HTTP headers {"HTTP_REFERER"=>"/privacy"}
REQUESTING PAGE: GET /contact with {} and HTTP headers {"HTTP_REFERER"=>"/"}
REQUESTING PAGE: GET / with {} and HTTP headers {}
REQUESTING PAGE: GET /about with {} and HTTP headers {"HTTP_REFERER"=>"/"}
REQUESTING PAGE: GET /help with {} and HTTP headers {"HTTP_REFERER"=>"/about"}
REQUESTING PAGE: GET /terms with {} and HTTP headers {"HTTP_REFERER"=>"/help"}
REQUESTING PAGE: GET /privacy with {} and HTTP headers {"HTTP_REFERER"=>"/terms"}
REQUESTING PAGE: GET / with {} and HTTP headers {"HTTP_REFERER"=>"/privacy"}
REQUESTING PAGE: GET /contact with {} and HTTP headers {"HTTP_REFERER"=>"/"}
REQUESTING PAGE: GET / with {} and HTTP headers {}
REQUESTING PAGE: GET /about with {} and HTTP headers {"HTTP_REFERER"=>"/"}
REQUESTING PAGE: GET /help with {} and HTTP headers {"HTTP_REFERER"=>"/about"}
REQUESTING PAGE: GET /terms with {} and HTTP headers {"HTTP_REFERER"=>"/help"}
REQUESTING PAGE: GET /privacy with {} and HTTP headers {"HTTP_REFERER"=>"/terms"}
REQUESTING PAGE: GET / with {} and HTTP headers {"HTTP_REFERER"=>"/privacy"}
REQUESTING PAGE: GET / with {} and HTTP headers {}
REQUESTING PAGE: GET /about with {} and HTTP headers {"HTTP_REFERER"=>"/"}
REQUESTING PAGE: GET /help with {} and HTTP headers {"HTTP_REFERER"=>"/about"}
REQUESTING PAGE: GET /terms with {} and HTTP headers {"HTTP_REFERER"=>"/help"}
REQUESTING PAGE: GET /privacy with {} and HTTP headers {"HTTP_REFERER"=>"/terms"}
REQUESTING PAGE: GET / with {} and HTTP headers {"HTTP_REFERER"=>"/privacy"}
REQUESTING PAGE: GET /contact with {} and HTTP headers {"HTTP_REFERER"=>"/"}
REQUESTING PAGE: GET / with {} and HTTP headers {}
REQUESTING PAGE: GET /about with {} and HTTP headers {"HTTP_REFERER"=>"/"}
REQUESTING PAGE: GET /help with {} and HTTP headers {"HTTP_REFERER"=>"/about"}
REQUESTING PAGE: GET /terms with {} and HTTP headers {"HTTP_REFERER"=>"/help"}
REQUESTING PAGE: GET /privacy with {} and HTTP headers {"HTTP_REFERER"=>"/terms"}
REQUESTING PAGE: GET / with {} and HTTP headers {"HTTP_REFERER"=>"/privacy"}
REQUESTING PAGE: GET /contact with {} and HTTP headers {"HTTP_REFERER"=>"/"}
REQUESTING PAGE: GET / with {} and HTTP headers {}
REQUESTING PAGE: GET /about with {} and HTTP headers {"HTTP_REFERER"=>"/"}
REQUESTING PAGE: GET /help with {} and HTTP headers {"HTTP_REFERER"=>"/about"}
REQUESTING PAGE: GET /terms with {} and HTTP headers {"HTTP_REFERER"=>"/help"}
REQUESTING PAGE: GET /privacy with {} and HTTP headers {"HTTP_REFERER"=>"/terms"}
REQUESTING PAGE: GET / with {} and HTTP headers {"HTTP_REFERER"=>"/privacy"}
REQUESTING PAGE: GET /contact with {} and HTTP headers {"HTTP_REFERER"=>"/"}
REQUESTING PAGE: GET / with {} and HTTP headers {}
REQUESTING PAGE: GET /about with {} and HTTP headers {"HTTP_REFERER"=>"/"}
REQUESTING PAGE: GET /help with {} and HTTP headers {"HTTP_REFERER"=>"/about"}
REQUESTING PAGE: GET /terms with {} and HTTP headers {"HTTP_REFERER"=>"/help"}
REQUESTING PAGE: GET /privacy with {} and HTTP headers {"HTTP_REFERER"=>"/terms"}
REQUESTING PAGE: GET / with {} and HTTP headers {"HTTP_REFERER"=>"/privacy"}
REQUESTING PAGE: GET /contact with {} and HTTP headers {"HTTP_REFERER"=>"/"}
REQUESTING PAGE: GET / with {} and HTTP headers {}
REQUESTING PAGE: GET /about with {} and HTTP headers {"HTTP_REFERER"=>"/"}
REQUESTING PAGE: GET /help with {} and HTTP headers {"HTTP_REFERER"=>"/about"}
REQUESTING PAGE: GET /terms with {} and HTTP headers {"HTTP_REFERER"=>"/help"}
REQUESTING PAGE: GET /privacy with {} and HTTP headers {"HTTP_REFERER"=>"/terms"}
REQUESTING PAGE: GET / with {} and HTTP headers {"HTTP_REFERER"=>"/privacy"}
REQUESTING PAGE: GET /contact with {} and HTTP headers {"HTTP_REFERER"=>"/"}
REQUESTING PAGE: GET / with {} and HTTP headers {}
REQUESTING PAGE: GET /about with {} and HTTP headers {"HTTP_REFERER"=>"/"}
REQUESTING PAGE: GET /help with {} and HTTP headers {"HTTP_REFERER"=>"/about"}
REQUESTING PAGE: GET /terms with {} and HTTP headers {"HTTP_REFERER"=>"/help"}
REQUESTING PAGE: GET /privacy with {} and HTTP headers {"HTTP_REFERER"=>"/terms"}
REQUESTING PAGE: GET / with {} and HTTP headers {"HTTP_REFERER"=>"/privacy"}
REQUESTING PAGE: GET /contact with {} and HTTP headers {"HTTP_REFERER"=>"/"}
REQUESTING PAGE: GET / with {} and HTTP headers {}
REQUESTING PAGE: GET /about with {} and HTTP headers {"HTTP_REFERER"=>"/"}
REQUESTING PAGE: GET /help with {} and HTTP headers {"HTTP_REFERER"=>"/about"}
REQUESTING PAGE: GET /terms with {} and HTTP headers {"HTTP_REFERER"=>"/help"}
REQUESTING PAGE: GET /privacy with {} and HTTP headers {"HTTP_REFERER"=>"/terms"}
REQUESTING PAGE: GET / with {} and HTTP headers {"HTTP_REFERER"=>"/privacy"}
REQUESTING PAGE: GET /contact with {} and HTTP headers {"HTTP_REFERER"=>"/"}
REQUESTING PAGE: GET / with {} and HTTP headers {}
REQUESTING PAGE: GET /about with {} and HTTP headers {"HTTP_REFERER"=>"/"}
REQUESTING PAGE: GET /help with {} and HTTP headers {"HTTP_REFERER"=>"/about"}
REQUESTING PAGE: GET /terms with {} and HTTP headers {"HTTP_REFERER"=>"/help"}
REQUESTING PAGE: GET /privacy with {} and HTTP headers {"HTTP_REFERER"=>"/terms"}
REQUESTING PAGE: GET / with {} and HTTP headers {"HTTP_REFERER"=>"/privacy"}
REQUESTING PAGE: GET /contact with {} and HTTP headers {"HTTP_REFERER"=>"/"}
REQUESTING PAGE: GET / with {} and HTTP headers {}
REQUESTING PAGE: GET /about with {} and HTTP headers {"HTTP_REFERER"=>"/"}
REQUESTING PAGE: GET /help with {} and HTTP headers {"HTTP_REFERER"=>"/about"}
REQUESTING PAGE: GET /terms with {} and HTTP headers {"HTTP_REFERER"=>"/help"}
REQUESTING PAGE: GET /privacy with {} and HTTP headers {"HTTP_REFERER"=>"/terms"}
REQUESTING PAGE: GET / with {} and HTTP headers {"HTTP_REFERER"=>"/privacy"}
REQUESTING PAGE: GET /contact with {} and HTTP headers {"HTTP_REFERER"=>"/"}
REQUESTING PAGE: GET / with {} and HTTP headers {}
REQUESTING PAGE: GET /about with {} and HTTP headers {"HTTP_REFERER"=>"/"}
REQUESTING PAGE: GET /help with {} and HTTP headers {"HTTP_REFERER"=>"/about"}
REQUESTING PAGE: GET /terms with {} and HTTP headers {"HTTP_REFERER"=>"/help"}
REQUESTING PAGE: GET /privacy with {} and HTTP headers {"HTTP_REFERER"=>"/terms"}
REQUESTING PAGE: GET / with {} and HTTP headers {"HTTP_REFERER"=>"/privacy"}
REQUESTING PAGE: GET /contact with {} and HTTP headers {"HTTP_REFERER"=>"/"}
REQUESTING PAGE: GET / with {} and HTTP headers {}
REQUESTING PAGE: GET /about with {} and HTTP headers {"HTTP_REFERER"=>"/"}
REQUESTING PAGE: GET /help with {} and HTTP headers {"HTTP_REFERER"=>"/about"}
REQUESTING PAGE: GET /terms with {} and HTTP headers {"HTTP_REFERER"=>"/help"}
REQUESTING PAGE: GET /privacy with {} and HTTP headers {"HTTP_REFERER"=>"/terms"}
REQUESTING PAGE: GET / with {} and HTTP headers {"HTTP_REFERER"=>"/privacy"}
REQUESTING PAGE: GET /contact with {} and HTTP headers {"HTTP_REFERER"=>"/"}
REQUESTING PAGE: GET / with {} and HTTP headers {}
REQUESTING PAGE: GET /about with {} and HTTP headers {"HTTP_REFERER"=>"/"}
REQUESTING PAGE: GET /help with {} and HTTP headers {"HTTP_REFERER"=>"/about"}
REQUESTING PAGE: GET /terms with {} and HTTP headers {"HTTP_REFERER"=>"/help"}
REQUESTING PAGE: GET /privacy with {} and HTTP headers {"HTTP_REFERER"=>"/terms"}
REQUESTING PAGE: GET / with {} and HTTP headers {"HTTP_REFERER"=>"/privacy"}
REQUESTING PAGE: GET /contact with {} and HTTP headers {"HTTP_REFERER"=>"/"}
REQUESTING PAGE: GET / with {} and HTTP headers {}
REQUESTING PAGE: GET /about with {} and HTTP headers {"HTTP_REFERER"=>"/"}
REQUESTING PAGE: GET /help with {} and HTTP headers {"HTTP_REFERER"=>"/about"}
REQUESTING PAGE: GET /terms with {} and HTTP headers {"HTTP_REFERER"=>"/help"}
REQUESTING PAGE: GET /privacy with {} and HTTP headers {"HTTP_REFERER"=>"/terms"}
REQUESTING PAGE: GET / with {} and HTTP headers {"HTTP_REFERER"=>"/privacy"}
REQUESTING PAGE: GET /contact with {} and HTTP headers {"HTTP_REFERER"=>"/"}
